[1.392s] Invoking command in '/home/thebigduke/colcon_ws/src/delivery_bridge/build/delivery_bridge': PYTHONPATH=/home/thebigduke/colcon_ws/src/delivery_bridge/build/delivery_bridge/prefix_override:/usr/lib/python3/dist-packages/colcon_core/task/python/colcon_distutils_commands:/home/thebigduke/colcon_ws/src/delivery_bridge/install/delivery_bridge/lib/python3.10/site-packages:${PYTHONPATH} /usr/bin/python3 -W ignore:setup.py install is deprecated -W ignore:easy_install command is deprecated setup.py develop --editable --build-directory /home/thebigduke/colcon_ws/src/delivery_bridge/build/delivery_bridge/build --no-deps symlink_data
[1.852s] running develop
[2.098s] running egg_info
[2.098s] creating delivery_bridge.egg-info
[2.098s] writing delivery_bridge.egg-info/PKG-INFO
[2.099s] writing dependency_links to delivery_bridge.egg-info/dependency_links.txt
[2.099s] writing entry points to delivery_bridge.egg-info/entry_points.txt
[2.099s] writing requirements to delivery_bridge.egg-info/requires.txt
[2.099s] writing top-level names to delivery_bridge.egg-info/top_level.txt
[2.099s] writing manifest file 'delivery_bridge.egg-info/SOURCES.txt'
[2.101s] reading manifest file 'delivery_bridge.egg-info/SOURCES.txt'
[2.102s] writing manifest file 'delivery_bridge.egg-info/SOURCES.txt'
[2.105s] running build_ext
[2.105s] Creating /home/thebigduke/colcon_ws/src/delivery_bridge/install/delivery_bridge/lib/python3.10/site-packages/delivery-bridge.egg-link (link to .)
[2.106s] Installing server_node script to /home/thebigduke/colcon_ws/src/delivery_bridge/install/delivery_bridge/lib/delivery_bridge
[2.106s] 
[2.106s] Installed /home/thebigduke/colcon_ws/src/delivery_bridge/build/delivery_bridge
[2.106s] running symlink_data
[2.107s] creating /home/thebigduke/colcon_ws/src/delivery_bridge/install/delivery_bridge/share/ament_index
[2.107s] creating /home/thebigduke/colcon_ws/src/delivery_bridge/install/delivery_bridge/share/ament_index/resource_index
[2.107s] creating /home/thebigduke/colcon_ws/src/delivery_bridge/install/delivery_bridge/share/ament_index/resource_index/packages
[2.107s] symbolically linking /home/thebigduke/colcon_ws/src/delivery_bridge/build/delivery_bridge/resource/delivery_bridge -> /home/thebigduke/colcon_ws/src/delivery_bridge/install/delivery_bridge/share/ament_index/resource_index/packages
[2.107s] symbolically linking /home/thebigduke/colcon_ws/src/delivery_bridge/build/delivery_bridge/package.xml -> /home/thebigduke/colcon_ws/src/delivery_bridge/install/delivery_bridge/share/delivery_bridge
[2.195s] Invoked command in '/home/thebigduke/colcon_ws/src/delivery_bridge/build/delivery_bridge' returned '0': PYTHONPATH=/home/thebigduke/colcon_ws/src/delivery_bridge/build/delivery_bridge/prefix_override:/usr/lib/python3/dist-packages/colcon_core/task/python/colcon_distutils_commands:/home/thebigduke/colcon_ws/src/delivery_bridge/install/delivery_bridge/lib/python3.10/site-packages:${PYTHONPATH} /usr/bin/python3 -W ignore:setup.py install is deprecated -W ignore:easy_install command is deprecated setup.py develop --editable --build-directory /home/thebigduke/colcon_ws/src/delivery_bridge/build/delivery_bridge/build --no-deps symlink_data
